d:\vc++实验\mfcapplication1\mfcapplication1\debug\mfcapplication1.pch
d:\vc++实验\mfcapplication1\mfcapplication1\debug\vc140.pdb
d:\vc++实验\mfcapplication1\mfcapplication1\debug\vc140.idb
d:\vc++实验\mfcapplication1\mfcapplication1\debug\stdafx.obj
d:\vc++实验\mfcapplication1\mfcapplication1\debug\mfcapplication1view.obj
d:\vc++实验\mfcapplication1\mfcapplication1\debug\mainfrm.obj
d:\vc++实验\mfcapplication1\mfcapplication1\debug\mfcapplication1.obj
d:\vc++实验\mfcapplication1\mfcapplication1\debug\mfcapplication1doc.obj
d:\vc++实验\mfcapplication1\debug\mfcapplication1.ilk
d:\vc++实验\mfcapplication1\debug\mfcapplication1.exe
d:\vc++实验\mfcapplication1\debug\mfcapplication1.pdb
d:\vc++实验\mfcapplication1\mfcapplication1\debug\mfcapplication1.res
d:\vc++实验\mfcapplication1\mfcapplication1\debug\mfcapplication1.tlog\cl.command.1.tlog
d:\vc++实验\mfcapplication1\mfcapplication1\debug\mfcapplication1.tlog\cl.read.1.tlog
d:\vc++实验\mfcapplication1\mfcapplication1\debug\mfcapplication1.tlog\cl.write.1.tlog
d:\vc++实验\mfcapplication1\mfcapplication1\debug\mfcapplication1.tlog\link.command.1.tlog
d:\vc++实验\mfcapplication1\mfcapplication1\debug\mfcapplication1.tlog\link.read.1.tlog
d:\vc++实验\mfcapplication1\mfcapplication1\debug\mfcapplication1.tlog\link.write.1.tlog
d:\vc++实验\mfcapplication1\mfcapplication1\debug\mfcapplication1.tlog\rc.command.1.tlog
d:\vc++实验\mfcapplication1\mfcapplication1\debug\mfcapplication1.tlog\rc.read.1.tlog
d:\vc++实验\mfcapplication1\mfcapplication1\debug\mfcapplication1.tlog\rc.write.1.tlog
